2023-06-17 21:02:31,592 [Worker-4: Loading available Gradle versions] INFO  o.e.b.c.i.u.g.PublishedGradleVersions - Gradle version information cache is up-to-date. Trying to read.
2023-06-17 21:51:49,236 [Worker-4: Loading available Gradle versions] INFO  o.e.b.c.i.u.g.PublishedGradleVersions - Gradle version information cache is up-to-date. Trying to read.
2023-08-12 01:01:20,229 [Worker-6: Loading available Gradle versions] INFO  o.e.b.c.i.u.g.PublishedGradleVersions - Gradle version information cache is up-to-date. Trying to read.
2023-08-12 01:01:43,293 [Worker-15: Launching FirstTest] WARN  o.e.m.c.i.embedder.EclipseLogger - The POM for org.testng:testng:jar:5.14.3 is invalid, transitive dependencies (if any) will not be available, enable debug logging for more details
2023-08-12 01:01:43,308 [Worker-15: Launching FirstTest] WARN  o.e.m.c.i.embedder.EclipseLogger - The POM for org.testng:testng:jar:5.14.4 is invalid, transitive dependencies (if any) will not be available, enable debug logging for more details
2023-08-12 01:01:43,315 [Worker-15: Launching FirstTest] WARN  o.e.m.c.i.embedder.EclipseLogger - The POM for org.testng:testng:jar:5.14.5 is invalid, transitive dependencies (if any) will not be available, enable debug logging for more details
2023-08-12 01:01:43,659 [Worker-15: Launching FirstTest] WARN  o.e.m.c.i.embedder.EclipseLogger - The POM for com.beust:jcommander:jar:1.66 is missing, no dependency information available
2023-08-12 01:12:42,074 [Worker-27: Launching FirstTest] WARN  o.a.m.s.f.DefaultMavenResourcesFiltering - Using platform encoding (Cp1252 actually) to copy filtered resources, i.e. build is platform dependent!
2023-08-12 01:12:42,084 [Worker-27: Launching FirstTest] INFO  o.a.m.s.f.DefaultMavenResourcesFiltering - Copying 0 resource
2023-08-12 01:12:42,090 [Worker-27: Launching FirstTest] WARN  o.a.m.s.f.DefaultMavenResourcesFiltering - Using platform encoding (Cp1252 actually) to copy filtered resources, i.e. build is platform dependent!
2023-08-12 01:12:42,091 [Worker-27: Launching FirstTest] INFO  o.a.m.s.f.DefaultMavenResourcesFiltering - Copying 0 resource
2023-08-12 01:16:30,440 [Worker-26: Launching FirstTest] WARN  o.a.m.s.f.DefaultMavenResourcesFiltering - Using platform encoding (Cp1252 actually) to copy filtered resources, i.e. build is platform dependent!
2023-08-12 01:16:30,444 [Worker-26: Launching FirstTest] INFO  o.a.m.s.f.DefaultMavenResourcesFiltering - Copying 0 resource
2023-08-12 01:16:30,449 [Worker-26: Launching FirstTest] WARN  o.a.m.s.f.DefaultMavenResourcesFiltering - Using platform encoding (Cp1252 actually) to copy filtered resources, i.e. build is platform dependent!
2023-08-12 01:16:30,453 [Worker-26: Launching FirstTest] INFO  o.a.m.s.f.DefaultMavenResourcesFiltering - Copying 0 resource
2023-08-12 01:18:22,225 [Worker-28: Launching FirstTest.loginWithInvalidUserName] WARN  o.a.m.s.f.DefaultMavenResourcesFiltering - Using platform encoding (Cp1252 actually) to copy filtered resources, i.e. build is platform dependent!
2023-08-12 01:18:22,227 [Worker-28: Launching FirstTest.loginWithInvalidUserName] INFO  o.a.m.s.f.DefaultMavenResourcesFiltering - Copying 0 resource
2023-08-12 01:18:22,232 [Worker-28: Launching FirstTest.loginWithInvalidUserName] WARN  o.a.m.s.f.DefaultMavenResourcesFiltering - Using platform encoding (Cp1252 actually) to copy filtered resources, i.e. build is platform dependent!
2023-08-12 01:18:22,234 [Worker-28: Launching FirstTest.loginWithInvalidUserName] INFO  o.a.m.s.f.DefaultMavenResourcesFiltering - Copying 0 resource
2023-08-12 01:19:39,653 [Worker-13: Building] WARN  o.a.m.s.f.DefaultMavenResourcesFiltering - Using platform encoding (Cp1252 actually) to copy filtered resources, i.e. build is platform dependent!
2023-08-12 01:19:39,654 [Worker-13: Building] INFO  o.a.m.s.f.DefaultMavenResourcesFiltering - Copying 0 resource
2023-08-12 01:19:39,657 [Worker-13: Building] WARN  o.a.m.s.f.DefaultMavenResourcesFiltering - Using platform encoding (Cp1252 actually) to copy filtered resources, i.e. build is platform dependent!
2023-08-12 01:19:39,659 [Worker-13: Building] INFO  o.a.m.s.f.DefaultMavenResourcesFiltering - Copying 0 resource
2023-08-12 01:20:38,219 [Worker-31: Launching FirstTest] WARN  o.a.m.s.f.DefaultMavenResourcesFiltering - Using platform encoding (Cp1252 actually) to copy filtered resources, i.e. build is platform dependent!
2023-08-12 01:20:38,224 [Worker-31: Launching FirstTest] INFO  o.a.m.s.f.DefaultMavenResourcesFiltering - Copying 0 resource
2023-08-12 01:20:38,227 [Worker-31: Launching FirstTest] WARN  o.a.m.s.f.DefaultMavenResourcesFiltering - Using platform encoding (Cp1252 actually) to copy filtered resources, i.e. build is platform dependent!
2023-08-12 01:20:38,229 [Worker-31: Launching FirstTest] INFO  o.a.m.s.f.DefaultMavenResourcesFiltering - Copying 0 resource
2023-08-12 01:24:34,410 [Worker-32: Launching FirstTest] WARN  o.a.m.s.f.DefaultMavenResourcesFiltering - Using platform encoding (Cp1252 actually) to copy filtered resources, i.e. build is platform dependent!
2023-08-12 01:24:34,412 [Worker-32: Launching FirstTest] INFO  o.a.m.s.f.DefaultMavenResourcesFiltering - Copying 0 resource
2023-08-12 01:24:34,421 [Worker-32: Launching FirstTest] WARN  o.a.m.s.f.DefaultMavenResourcesFiltering - Using platform encoding (Cp1252 actually) to copy filtered resources, i.e. build is platform dependent!
2023-08-12 01:24:34,423 [Worker-32: Launching FirstTest] INFO  o.a.m.s.f.DefaultMavenResourcesFiltering - Copying 0 resource
2023-08-12 01:24:59,660 [Worker-34: Building] WARN  o.a.m.s.f.DefaultMavenResourcesFiltering - Using platform encoding (Cp1252 actually) to copy filtered resources, i.e. build is platform dependent!
2023-08-12 01:24:59,661 [Worker-34: Building] INFO  o.a.m.s.f.DefaultMavenResourcesFiltering - Copying 0 resource
2023-08-12 01:24:59,664 [Worker-34: Building] WARN  o.a.m.s.f.DefaultMavenResourcesFiltering - Using platform encoding (Cp1252 actually) to copy filtered resources, i.e. build is platform dependent!
2023-08-12 01:24:59,665 [Worker-34: Building] INFO  o.a.m.s.f.DefaultMavenResourcesFiltering - Copying 0 resource
2023-08-12 01:25:14,125 [Worker-26: Building] WARN  o.a.m.s.f.DefaultMavenResourcesFiltering - Using platform encoding (Cp1252 actually) to copy filtered resources, i.e. build is platform dependent!
2023-08-12 01:25:14,126 [Worker-26: Building] INFO  o.a.m.s.f.DefaultMavenResourcesFiltering - Copying 0 resource
2023-08-12 01:25:14,130 [Worker-26: Building] WARN  o.a.m.s.f.DefaultMavenResourcesFiltering - Using platform encoding (Cp1252 actually) to copy filtered resources, i.e. build is platform dependent!
2023-08-12 01:25:14,130 [Worker-26: Building] INFO  o.a.m.s.f.DefaultMavenResourcesFiltering - Copying 0 resource
2023-08-12 01:26:42,732 [Worker-32: Building] WARN  o.a.m.s.f.DefaultMavenResourcesFiltering - Using platform encoding (Cp1252 actually) to copy filtered resources, i.e. build is platform dependent!
2023-08-12 01:26:42,734 [Worker-32: Building] INFO  o.a.m.s.f.DefaultMavenResourcesFiltering - Copying 0 resource
2023-08-12 01:26:42,737 [Worker-32: Building] WARN  o.a.m.s.f.DefaultMavenResourcesFiltering - Using platform encoding (Cp1252 actually) to copy filtered resources, i.e. build is platform dependent!
2023-08-12 01:26:42,737 [Worker-32: Building] INFO  o.a.m.s.f.DefaultMavenResourcesFiltering - Copying 0 resource
2023-08-12 01:26:55,245 [Worker-37: Launching FirstTest.setUp] WARN  o.a.m.s.f.DefaultMavenResourcesFiltering - Using platform encoding (Cp1252 actually) to copy filtered resources, i.e. build is platform dependent!
2023-08-12 01:26:55,247 [Worker-37: Launching FirstTest.setUp] INFO  o.a.m.s.f.DefaultMavenResourcesFiltering - Copying 0 resource
2023-08-12 01:26:55,252 [Worker-37: Launching FirstTest.setUp] WARN  o.a.m.s.f.DefaultMavenResourcesFiltering - Using platform encoding (Cp1252 actually) to copy filtered resources, i.e. build is platform dependent!
2023-08-12 01:26:55,255 [Worker-37: Launching FirstTest.setUp] INFO  o.a.m.s.f.DefaultMavenResourcesFiltering - Copying 0 resource
2023-08-12 01:27:41,909 [Worker-37: Launching FirstTest] WARN  o.a.m.s.f.DefaultMavenResourcesFiltering - Using platform encoding (Cp1252 actually) to copy filtered resources, i.e. build is platform dependent!
2023-08-12 01:27:41,911 [Worker-37: Launching FirstTest] INFO  o.a.m.s.f.DefaultMavenResourcesFiltering - Copying 0 resource
2023-08-12 01:27:41,914 [Worker-37: Launching FirstTest] WARN  o.a.m.s.f.DefaultMavenResourcesFiltering - Using platform encoding (Cp1252 actually) to copy filtered resources, i.e. build is platform dependent!
2023-08-12 01:27:41,915 [Worker-37: Launching FirstTest] INFO  o.a.m.s.f.DefaultMavenResourcesFiltering - Copying 0 resource
2023-08-12 01:28:26,494 [Worker-33: Launching FirstTest] WARN  o.a.m.s.f.DefaultMavenResourcesFiltering - Using platform encoding (Cp1252 actually) to copy filtered resources, i.e. build is platform dependent!
2023-08-12 01:28:26,496 [Worker-33: Launching FirstTest] INFO  o.a.m.s.f.DefaultMavenResourcesFiltering - Copying 0 resource
2023-08-12 01:28:26,504 [Worker-33: Launching FirstTest] WARN  o.a.m.s.f.DefaultMavenResourcesFiltering - Using platform encoding (Cp1252 actually) to copy filtered resources, i.e. build is platform dependent!
2023-08-12 01:28:26,506 [Worker-33: Launching FirstTest] INFO  o.a.m.s.f.DefaultMavenResourcesFiltering - Copying 0 resource
2023-08-12 01:29:17,572 [Worker-26: Launching FirstTest] WARN  o.a.m.s.f.DefaultMavenResourcesFiltering - Using platform encoding (Cp1252 actually) to copy filtered resources, i.e. build is platform dependent!
2023-08-12 01:29:17,574 [Worker-26: Launching FirstTest] INFO  o.a.m.s.f.DefaultMavenResourcesFiltering - Copying 0 resource
2023-08-12 01:29:17,577 [Worker-26: Launching FirstTest] WARN  o.a.m.s.f.DefaultMavenResourcesFiltering - Using platform encoding (Cp1252 actually) to copy filtered resources, i.e. build is platform dependent!
2023-08-12 01:29:17,579 [Worker-26: Launching FirstTest] INFO  o.a.m.s.f.DefaultMavenResourcesFiltering - Copying 0 resource
2023-08-12 01:30:14,234 [Worker-28: Building] WARN  o.a.m.s.f.DefaultMavenResourcesFiltering - Using platform encoding (Cp1252 actually) to copy filtered resources, i.e. build is platform dependent!
2023-08-12 01:30:14,235 [Worker-28: Building] INFO  o.a.m.s.f.DefaultMavenResourcesFiltering - Copying 0 resource
2023-08-12 01:30:14,238 [Worker-28: Building] WARN  o.a.m.s.f.DefaultMavenResourcesFiltering - Using platform encoding (Cp1252 actually) to copy filtered resources, i.e. build is platform dependent!
2023-08-12 01:30:14,239 [Worker-28: Building] INFO  o.a.m.s.f.DefaultMavenResourcesFiltering - Copying 0 resource
2023-08-12 01:31:56,958 [Worker-26: Building] WARN  o.a.m.s.f.DefaultMavenResourcesFiltering - Using platform encoding (Cp1252 actually) to copy filtered resources, i.e. build is platform dependent!
2023-08-12 01:31:56,959 [Worker-26: Building] INFO  o.a.m.s.f.DefaultMavenResourcesFiltering - Copying 0 resource
2023-08-12 01:31:56,961 [Worker-26: Building] WARN  o.a.m.s.f.DefaultMavenResourcesFiltering - Using platform encoding (Cp1252 actually) to copy filtered resources, i.e. build is platform dependent!
2023-08-12 01:31:56,962 [Worker-26: Building] INFO  o.a.m.s.f.DefaultMavenResourcesFiltering - Copying 0 resource
2023-08-12 01:36:38,152 [Worker-32: Launching FirstTest.loginWithSuccess] WARN  o.a.m.s.f.DefaultMavenResourcesFiltering - Using platform encoding (Cp1252 actually) to copy filtered resources, i.e. build is platform dependent!
2023-08-12 01:36:38,154 [Worker-32: Launching FirstTest.loginWithSuccess] INFO  o.a.m.s.f.DefaultMavenResourcesFiltering - Copying 0 resource
2023-08-12 01:36:38,158 [Worker-32: Launching FirstTest.loginWithSuccess] WARN  o.a.m.s.f.DefaultMavenResourcesFiltering - Using platform encoding (Cp1252 actually) to copy filtered resources, i.e. build is platform dependent!
2023-08-12 01:36:38,160 [Worker-32: Launching FirstTest.loginWithSuccess] INFO  o.a.m.s.f.DefaultMavenResourcesFiltering - Copying 0 resource
2023-08-12 01:43:35,515 [Worker-40: Building] WARN  o.a.m.s.f.DefaultMavenResourcesFiltering - Using platform encoding (Cp1252 actually) to copy filtered resources, i.e. build is platform dependent!
2023-08-12 01:43:35,516 [Worker-40: Building] INFO  o.a.m.s.f.DefaultMavenResourcesFiltering - Copying 0 resource
2023-08-12 01:43:35,519 [Worker-40: Building] WARN  o.a.m.s.f.DefaultMavenResourcesFiltering - Using platform encoding (Cp1252 actually) to copy filtered resources, i.e. build is platform dependent!
2023-08-12 01:43:35,521 [Worker-40: Building] INFO  o.a.m.s.f.DefaultMavenResourcesFiltering - Copying 0 resource
2023-08-12 01:45:24,677 [Worker-44: Building] WARN  o.a.m.s.f.DefaultMavenResourcesFiltering - Using platform encoding (Cp1252 actually) to copy filtered resources, i.e. build is platform dependent!
2023-08-12 01:45:24,678 [Worker-44: Building] INFO  o.a.m.s.f.DefaultMavenResourcesFiltering - Copying 0 resource
2023-08-12 01:45:24,681 [Worker-44: Building] WARN  o.a.m.s.f.DefaultMavenResourcesFiltering - Using platform encoding (Cp1252 actually) to copy filtered resources, i.e. build is platform dependent!
2023-08-12 01:45:24,681 [Worker-44: Building] INFO  o.a.m.s.f.DefaultMavenResourcesFiltering - Copying 0 resource
2023-08-12 01:49:18,882 [Worker-40: Building] WARN  o.a.m.s.f.DefaultMavenResourcesFiltering - Using platform encoding (Cp1252 actually) to copy filtered resources, i.e. build is platform dependent!
2023-08-12 01:49:18,883 [Worker-40: Building] INFO  o.a.m.s.f.DefaultMavenResourcesFiltering - Copying 0 resource
2023-08-12 01:49:18,886 [Worker-40: Building] WARN  o.a.m.s.f.DefaultMavenResourcesFiltering - Using platform encoding (Cp1252 actually) to copy filtered resources, i.e. build is platform dependent!
2023-08-12 01:49:18,887 [Worker-40: Building] INFO  o.a.m.s.f.DefaultMavenResourcesFiltering - Copying 0 resource
2023-08-12 01:49:29,459 [Worker-42: Launching FirstTest] WARN  o.a.m.s.f.DefaultMavenResourcesFiltering - Using platform encoding (Cp1252 actually) to copy filtered resources, i.e. build is platform dependent!
2023-08-12 01:49:29,460 [Worker-42: Launching FirstTest] INFO  o.a.m.s.f.DefaultMavenResourcesFiltering - Copying 0 resource
2023-08-12 01:49:29,463 [Worker-42: Launching FirstTest] WARN  o.a.m.s.f.DefaultMavenResourcesFiltering - Using platform encoding (Cp1252 actually) to copy filtered resources, i.e. build is platform dependent!
2023-08-12 01:49:29,465 [Worker-42: Launching FirstTest] INFO  o.a.m.s.f.DefaultMavenResourcesFiltering - Copying 0 resource
2023-08-12 01:50:40,140 [Worker-42: Building] WARN  o.a.m.s.f.DefaultMavenResourcesFiltering - Using platform encoding (Cp1252 actually) to copy filtered resources, i.e. build is platform dependent!
2023-08-12 01:50:40,142 [Worker-42: Building] INFO  o.a.m.s.f.DefaultMavenResourcesFiltering - Copying 0 resource
2023-08-12 01:50:40,144 [Worker-42: Building] WARN  o.a.m.s.f.DefaultMavenResourcesFiltering - Using platform encoding (Cp1252 actually) to copy filtered resources, i.e. build is platform dependent!
2023-08-12 01:50:40,145 [Worker-42: Building] INFO  o.a.m.s.f.DefaultMavenResourcesFiltering - Copying 0 resource
2023-08-12 01:51:30,218 [Worker-40: Building] WARN  o.a.m.s.f.DefaultMavenResourcesFiltering - Using platform encoding (Cp1252 actually) to copy filtered resources, i.e. build is platform dependent!
2023-08-12 01:51:30,219 [Worker-40: Building] INFO  o.a.m.s.f.DefaultMavenResourcesFiltering - Copying 0 resource
2023-08-12 01:51:30,221 [Worker-40: Building] WARN  o.a.m.s.f.DefaultMavenResourcesFiltering - Using platform encoding (Cp1252 actually) to copy filtered resources, i.e. build is platform dependent!
2023-08-12 01:51:30,221 [Worker-40: Building] INFO  o.a.m.s.f.DefaultMavenResourcesFiltering - Copying 0 resource
2023-08-12 02:09:32,603 [Worker-47: Launching FirstTest] WARN  o.a.m.s.f.DefaultMavenResourcesFiltering - Using platform encoding (Cp1252 actually) to copy filtered resources, i.e. build is platform dependent!
2023-08-12 02:09:32,604 [Worker-47: Launching FirstTest] INFO  o.a.m.s.f.DefaultMavenResourcesFiltering - Copying 0 resource
2023-08-12 02:09:32,606 [Worker-47: Launching FirstTest] WARN  o.a.m.s.f.DefaultMavenResourcesFiltering - Using platform encoding (Cp1252 actually) to copy filtered resources, i.e. build is platform dependent!
2023-08-12 02:09:32,607 [Worker-47: Launching FirstTest] INFO  o.a.m.s.f.DefaultMavenResourcesFiltering - Copying 0 resource
2023-08-12 02:10:53,769 [Worker-40: Building] WARN  o.a.m.s.f.DefaultMavenResourcesFiltering - Using platform encoding (Cp1252 actually) to copy filtered resources, i.e. build is platform dependent!
2023-08-12 02:10:53,771 [Worker-40: Building] INFO  o.a.m.s.f.DefaultMavenResourcesFiltering - Copying 0 resource
2023-08-12 02:10:53,772 [Worker-40: Building] WARN  o.a.m.s.f.DefaultMavenResourcesFiltering - Using platform encoding (Cp1252 actually) to copy filtered resources, i.e. build is platform dependent!
2023-08-12 02:10:53,774 [Worker-40: Building] INFO  o.a.m.s.f.DefaultMavenResourcesFiltering - Copying 0 resource
2023-08-12 02:11:13,288 [Worker-52: Building] WARN  o.a.m.s.f.DefaultMavenResourcesFiltering - Using platform encoding (Cp1252 actually) to copy filtered resources, i.e. build is platform dependent!
2023-08-12 02:11:13,289 [Worker-52: Building] INFO  o.a.m.s.f.DefaultMavenResourcesFiltering - Copying 0 resource
2023-08-12 02:11:13,291 [Worker-52: Building] WARN  o.a.m.s.f.DefaultMavenResourcesFiltering - Using platform encoding (Cp1252 actually) to copy filtered resources, i.e. build is platform dependent!
2023-08-12 02:11:13,291 [Worker-52: Building] INFO  o.a.m.s.f.DefaultMavenResourcesFiltering - Copying 0 resource
2023-08-12 02:11:47,798 [Worker-47: Building] WARN  o.a.m.s.f.DefaultMavenResourcesFiltering - Using platform encoding (Cp1252 actually) to copy filtered resources, i.e. build is platform dependent!
2023-08-12 02:11:47,799 [Worker-47: Building] INFO  o.a.m.s.f.DefaultMavenResourcesFiltering - Copying 0 resource
2023-08-12 02:11:47,802 [Worker-47: Building] WARN  o.a.m.s.f.DefaultMavenResourcesFiltering - Using platform encoding (Cp1252 actually) to copy filtered resources, i.e. build is platform dependent!
2023-08-12 02:11:47,803 [Worker-47: Building] INFO  o.a.m.s.f.DefaultMavenResourcesFiltering - Copying 0 resource
2023-08-12 02:13:10,518 [Worker-55: Building] WARN  o.a.m.s.f.DefaultMavenResourcesFiltering - Using platform encoding (Cp1252 actually) to copy filtered resources, i.e. build is platform dependent!
2023-08-12 02:13:10,519 [Worker-55: Building] INFO  o.a.m.s.f.DefaultMavenResourcesFiltering - Copying 0 resource
2023-08-12 02:13:10,521 [Worker-55: Building] WARN  o.a.m.s.f.DefaultMavenResourcesFiltering - Using platform encoding (Cp1252 actually) to copy filtered resources, i.e. build is platform dependent!
2023-08-12 02:13:10,521 [Worker-55: Building] INFO  o.a.m.s.f.DefaultMavenResourcesFiltering - Copying 0 resource
2023-08-12 02:14:04,895 [Worker-54: Building] WARN  o.a.m.s.f.DefaultMavenResourcesFiltering - Using platform encoding (Cp1252 actually) to copy filtered resources, i.e. build is platform dependent!
2023-08-12 02:14:04,896 [Worker-54: Building] INFO  o.a.m.s.f.DefaultMavenResourcesFiltering - Copying 0 resource
2023-08-12 02:14:04,898 [Worker-54: Building] WARN  o.a.m.s.f.DefaultMavenResourcesFiltering - Using platform encoding (Cp1252 actually) to copy filtered resources, i.e. build is platform dependent!
2023-08-12 02:14:04,899 [Worker-54: Building] INFO  o.a.m.s.f.DefaultMavenResourcesFiltering - Copying 0 resource
2023-08-12 02:14:21,533 [Worker-52: Building] WARN  o.a.m.s.f.DefaultMavenResourcesFiltering - Using platform encoding (Cp1252 actually) to copy filtered resources, i.e. build is platform dependent!
2023-08-12 02:14:21,534 [Worker-52: Building] INFO  o.a.m.s.f.DefaultMavenResourcesFiltering - Copying 0 resource
2023-08-12 02:14:21,536 [Worker-52: Building] WARN  o.a.m.s.f.DefaultMavenResourcesFiltering - Using platform encoding (Cp1252 actually) to copy filtered resources, i.e. build is platform dependent!
2023-08-12 02:14:21,537 [Worker-52: Building] INFO  o.a.m.s.f.DefaultMavenResourcesFiltering - Copying 0 resource
2023-08-12 02:19:26,901 [Worker-40: Launching FirstTest.deleteCustomerTest] WARN  o.a.m.s.f.DefaultMavenResourcesFiltering - Using platform encoding (Cp1252 actually) to copy filtered resources, i.e. build is platform dependent!
2023-08-12 02:19:26,902 [Worker-40: Launching FirstTest.deleteCustomerTest] INFO  o.a.m.s.f.DefaultMavenResourcesFiltering - Copying 0 resource
2023-08-12 02:19:26,906 [Worker-40: Launching FirstTest.deleteCustomerTest] WARN  o.a.m.s.f.DefaultMavenResourcesFiltering - Using platform encoding (Cp1252 actually) to copy filtered resources, i.e. build is platform dependent!
2023-08-12 02:19:26,908 [Worker-40: Launching FirstTest.deleteCustomerTest] INFO  o.a.m.s.f.DefaultMavenResourcesFiltering - Copying 0 resource
2023-08-12 02:20:32,941 [Worker-55: Building] WARN  o.a.m.s.f.DefaultMavenResourcesFiltering - Using platform encoding (Cp1252 actually) to copy filtered resources, i.e. build is platform dependent!
2023-08-12 02:20:32,942 [Worker-55: Building] INFO  o.a.m.s.f.DefaultMavenResourcesFiltering - Copying 0 resource
2023-08-12 02:20:32,944 [Worker-55: Building] WARN  o.a.m.s.f.DefaultMavenResourcesFiltering - Using platform encoding (Cp1252 actually) to copy filtered resources, i.e. build is platform dependent!
2023-08-12 02:20:32,945 [Worker-55: Building] INFO  o.a.m.s.f.DefaultMavenResourcesFiltering - Copying 0 resource
2023-08-12 02:21:58,260 [Worker-40: Building] WARN  o.a.m.s.f.DefaultMavenResourcesFiltering - Using platform encoding (Cp1252 actually) to copy filtered resources, i.e. build is platform dependent!
2023-08-12 02:21:58,262 [Worker-40: Building] INFO  o.a.m.s.f.DefaultMavenResourcesFiltering - Copying 0 resource
2023-08-12 02:21:58,265 [Worker-40: Building] WARN  o.a.m.s.f.DefaultMavenResourcesFiltering - Using platform encoding (Cp1252 actually) to copy filtered resources, i.e. build is platform dependent!
2023-08-12 02:21:58,266 [Worker-40: Building] INFO  o.a.m.s.f.DefaultMavenResourcesFiltering - Copying 0 resource
2023-08-12 02:24:10,237 [Worker-55: Launching FirstTest.loginWithSuccessTest] WARN  o.a.m.s.f.DefaultMavenResourcesFiltering - Using platform encoding (Cp1252 actually) to copy filtered resources, i.e. build is platform dependent!
2023-08-12 02:24:10,238 [Worker-55: Launching FirstTest.loginWithSuccessTest] INFO  o.a.m.s.f.DefaultMavenResourcesFiltering - Copying 0 resource
2023-08-12 02:24:10,242 [Worker-55: Launching FirstTest.loginWithSuccessTest] WARN  o.a.m.s.f.DefaultMavenResourcesFiltering - Using platform encoding (Cp1252 actually) to copy filtered resources, i.e. build is platform dependent!
2023-08-12 02:24:10,245 [Worker-55: Launching FirstTest.loginWithSuccessTest] INFO  o.a.m.s.f.DefaultMavenResourcesFiltering - Copying 0 resource
2023-08-12 02:24:37,770 [Worker-58: Launching FirstTest] WARN  o.a.m.s.f.DefaultMavenResourcesFiltering - Using platform encoding (Cp1252 actually) to copy filtered resources, i.e. build is platform dependent!
2023-08-12 02:24:37,774 [Worker-58: Launching FirstTest] INFO  o.a.m.s.f.DefaultMavenResourcesFiltering - Copying 0 resource
2023-08-12 02:24:37,776 [Worker-58: Launching FirstTest] WARN  o.a.m.s.f.DefaultMavenResourcesFiltering - Using platform encoding (Cp1252 actually) to copy filtered resources, i.e. build is platform dependent!
2023-08-12 02:24:37,778 [Worker-58: Launching FirstTest] INFO  o.a.m.s.f.DefaultMavenResourcesFiltering - Copying 0 resource
2023-08-12 02:25:26,629 [Worker-40: Building] WARN  o.a.m.s.f.DefaultMavenResourcesFiltering - Using platform encoding (Cp1252 actually) to copy filtered resources, i.e. build is platform dependent!
2023-08-12 02:25:26,630 [Worker-40: Building] INFO  o.a.m.s.f.DefaultMavenResourcesFiltering - Copying 0 resource
2023-08-12 02:25:26,632 [Worker-40: Building] WARN  o.a.m.s.f.DefaultMavenResourcesFiltering - Using platform encoding (Cp1252 actually) to copy filtered resources, i.e. build is platform dependent!
2023-08-12 02:25:26,633 [Worker-40: Building] INFO  o.a.m.s.f.DefaultMavenResourcesFiltering - Copying 0 resource
2023-08-12 02:26:40,411 [Worker-58: Launching FirstTest] WARN  o.a.m.s.f.DefaultMavenResourcesFiltering - Using platform encoding (Cp1252 actually) to copy filtered resources, i.e. build is platform dependent!
2023-08-12 02:26:40,412 [Worker-58: Launching FirstTest] INFO  o.a.m.s.f.DefaultMavenResourcesFiltering - Copying 0 resource
2023-08-12 02:26:40,417 [Worker-58: Launching FirstTest] WARN  o.a.m.s.f.DefaultMavenResourcesFiltering - Using platform encoding (Cp1252 actually) to copy filtered resources, i.e. build is platform dependent!
2023-08-12 02:26:40,419 [Worker-58: Launching FirstTest] INFO  o.a.m.s.f.DefaultMavenResourcesFiltering - Copying 0 resource
2023-08-12 02:27:26,979 [Worker-61: Launching FirstTest] WARN  o.a.m.s.f.DefaultMavenResourcesFiltering - Using platform encoding (Cp1252 actually) to copy filtered resources, i.e. build is platform dependent!
2023-08-12 02:27:26,980 [Worker-61: Launching FirstTest] INFO  o.a.m.s.f.DefaultMavenResourcesFiltering - Copying 0 resource
2023-08-12 02:27:26,984 [Worker-61: Launching FirstTest] WARN  o.a.m.s.f.DefaultMavenResourcesFiltering - Using platform encoding (Cp1252 actually) to copy filtered resources, i.e. build is platform dependent!
2023-08-12 02:27:26,986 [Worker-61: Launching FirstTest] INFO  o.a.m.s.f.DefaultMavenResourcesFiltering - Copying 0 resource
2023-08-12 02:29:02,053 [Worker-58: Launching FirstTest.loginWithSuccessTest] WARN  o.a.m.s.f.DefaultMavenResourcesFiltering - Using platform encoding (Cp1252 actually) to copy filtered resources, i.e. build is platform dependent!
2023-08-12 02:29:02,056 [Worker-58: Launching FirstTest.loginWithSuccessTest] INFO  o.a.m.s.f.DefaultMavenResourcesFiltering - Copying 0 resource
2023-08-12 02:29:02,059 [Worker-58: Launching FirstTest.loginWithSuccessTest] WARN  o.a.m.s.f.DefaultMavenResourcesFiltering - Using platform encoding (Cp1252 actually) to copy filtered resources, i.e. build is platform dependent!
2023-08-12 02:29:02,061 [Worker-58: Launching FirstTest.loginWithSuccessTest] INFO  o.a.m.s.f.DefaultMavenResourcesFiltering - Copying 0 resource
2023-08-12 02:29:16,521 [Worker-55: Building] WARN  o.a.m.s.f.DefaultMavenResourcesFiltering - Using platform encoding (Cp1252 actually) to copy filtered resources, i.e. build is platform dependent!
2023-08-12 02:29:16,522 [Worker-55: Building] INFO  o.a.m.s.f.DefaultMavenResourcesFiltering - Copying 0 resource
2023-08-12 02:29:16,525 [Worker-55: Building] WARN  o.a.m.s.f.DefaultMavenResourcesFiltering - Using platform encoding (Cp1252 actually) to copy filtered resources, i.e. build is platform dependent!
2023-08-12 02:29:16,527 [Worker-55: Building] INFO  o.a.m.s.f.DefaultMavenResourcesFiltering - Copying 0 resource
2023-08-12 02:29:48,031 [Worker-57: Building] WARN  o.a.m.s.f.DefaultMavenResourcesFiltering - Using platform encoding (Cp1252 actually) to copy filtered resources, i.e. build is platform dependent!
2023-08-12 02:29:48,032 [Worker-57: Building] INFO  o.a.m.s.f.DefaultMavenResourcesFiltering - Copying 0 resource
2023-08-12 02:29:48,035 [Worker-57: Building] WARN  o.a.m.s.f.DefaultMavenResourcesFiltering - Using platform encoding (Cp1252 actually) to copy filtered resources, i.e. build is platform dependent!
2023-08-12 02:29:48,037 [Worker-57: Building] INFO  o.a.m.s.f.DefaultMavenResourcesFiltering - Copying 0 resource
2023-08-12 02:31:26,189 [Worker-40: Launching FirstTest] WARN  o.a.m.s.f.DefaultMavenResourcesFiltering - Using platform encoding (Cp1252 actually) to copy filtered resources, i.e. build is platform dependent!
2023-08-12 02:31:26,190 [Worker-40: Launching FirstTest] INFO  o.a.m.s.f.DefaultMavenResourcesFiltering - Copying 0 resource
2023-08-12 02:31:26,194 [Worker-40: Launching FirstTest] WARN  o.a.m.s.f.DefaultMavenResourcesFiltering - Using platform encoding (Cp1252 actually) to copy filtered resources, i.e. build is platform dependent!
2023-08-12 02:31:26,197 [Worker-40: Launching FirstTest] INFO  o.a.m.s.f.DefaultMavenResourcesFiltering - Copying 0 resource
2023-08-12 02:32:59,277 [Worker-58: Building] WARN  o.a.m.s.f.DefaultMavenResourcesFiltering - Using platform encoding (Cp1252 actually) to copy filtered resources, i.e. build is platform dependent!
2023-08-12 02:32:59,278 [Worker-58: Building] INFO  o.a.m.s.f.DefaultMavenResourcesFiltering - Copying 0 resource
2023-08-12 02:32:59,280 [Worker-58: Building] WARN  o.a.m.s.f.DefaultMavenResourcesFiltering - Using platform encoding (Cp1252 actually) to copy filtered resources, i.e. build is platform dependent!
2023-08-12 02:32:59,281 [Worker-58: Building] INFO  o.a.m.s.f.DefaultMavenResourcesFiltering - Copying 0 resource
2023-08-12 02:33:43,653 [Worker-55: Building] WARN  o.a.m.s.f.DefaultMavenResourcesFiltering - Using platform encoding (Cp1252 actually) to copy filtered resources, i.e. build is platform dependent!
2023-08-12 02:33:43,654 [Worker-55: Building] INFO  o.a.m.s.f.DefaultMavenResourcesFiltering - Copying 0 resource
2023-08-12 02:33:43,656 [Worker-55: Building] WARN  o.a.m.s.f.DefaultMavenResourcesFiltering - Using platform encoding (Cp1252 actually) to copy filtered resources, i.e. build is platform dependent!
2023-08-12 02:33:43,657 [Worker-55: Building] INFO  o.a.m.s.f.DefaultMavenResourcesFiltering - Copying 0 resource
2023-08-12 02:36:11,403 [Worker-61: Launching FirstTest] WARN  o.a.m.s.f.DefaultMavenResourcesFiltering - Using platform encoding (Cp1252 actually) to copy filtered resources, i.e. build is platform dependent!
2023-08-12 02:36:11,406 [Worker-61: Launching FirstTest] INFO  o.a.m.s.f.DefaultMavenResourcesFiltering - Copying 0 resource
2023-08-12 02:36:11,410 [Worker-61: Launching FirstTest] WARN  o.a.m.s.f.DefaultMavenResourcesFiltering - Using platform encoding (Cp1252 actually) to copy filtered resources, i.e. build is platform dependent!
2023-08-12 02:36:11,412 [Worker-61: Launching FirstTest] INFO  o.a.m.s.f.DefaultMavenResourcesFiltering - Copying 0 resource
2023-08-12 02:38:01,001 [Worker-61: Building] WARN  o.a.m.s.f.DefaultMavenResourcesFiltering - Using platform encoding (Cp1252 actually) to copy filtered resources, i.e. build is platform dependent!
2023-08-12 02:38:01,003 [Worker-61: Building] INFO  o.a.m.s.f.DefaultMavenResourcesFiltering - Copying 0 resource
2023-08-12 02:38:01,007 [Worker-61: Building] WARN  o.a.m.s.f.DefaultMavenResourcesFiltering - Using platform encoding (Cp1252 actually) to copy filtered resources, i.e. build is platform dependent!
2023-08-12 02:38:01,008 [Worker-61: Building] INFO  o.a.m.s.f.DefaultMavenResourcesFiltering - Copying 0 resource
2023-08-12 02:40:48,109 [Worker-62: Building] WARN  o.a.m.s.f.DefaultMavenResourcesFiltering - Using platform encoding (Cp1252 actually) to copy filtered resources, i.e. build is platform dependent!
2023-08-12 02:40:48,110 [Worker-62: Building] INFO  o.a.m.s.f.DefaultMavenResourcesFiltering - Copying 0 resource
2023-08-12 02:40:48,113 [Worker-62: Building] WARN  o.a.m.s.f.DefaultMavenResourcesFiltering - Using platform encoding (Cp1252 actually) to copy filtered resources, i.e. build is platform dependent!
2023-08-12 02:40:48,115 [Worker-62: Building] INFO  o.a.m.s.f.DefaultMavenResourcesFiltering - Copying 0 resource
2023-08-12 02:41:17,626 [Worker-61: Building] WARN  o.a.m.s.f.DefaultMavenResourcesFiltering - Using platform encoding (Cp1252 actually) to copy filtered resources, i.e. build is platform dependent!
2023-08-12 02:41:17,627 [Worker-61: Building] INFO  o.a.m.s.f.DefaultMavenResourcesFiltering - Copying 0 resource
2023-08-12 02:41:17,628 [Worker-61: Building] WARN  o.a.m.s.f.DefaultMavenResourcesFiltering - Using platform encoding (Cp1252 actually) to copy filtered resources, i.e. build is platform dependent!
2023-08-12 02:41:17,630 [Worker-61: Building] INFO  o.a.m.s.f.DefaultMavenResourcesFiltering - Copying 0 resource
2023-08-12 02:42:20,743 [Worker-55: Building] WARN  o.a.m.s.f.DefaultMavenResourcesFiltering - Using platform encoding (Cp1252 actually) to copy filtered resources, i.e. build is platform dependent!
2023-08-12 02:42:20,745 [Worker-55: Building] INFO  o.a.m.s.f.DefaultMavenResourcesFiltering - Copying 0 resource
2023-08-12 02:42:20,748 [Worker-55: Building] WARN  o.a.m.s.f.DefaultMavenResourcesFiltering - Using platform encoding (Cp1252 actually) to copy filtered resources, i.e. build is platform dependent!
2023-08-12 02:42:20,749 [Worker-55: Building] INFO  o.a.m.s.f.DefaultMavenResourcesFiltering - Copying 0 resource
2023-08-12 02:42:55,093 [Worker-64: Launching FirstTest.addnewCustomerTest] WARN  o.a.m.s.f.DefaultMavenResourcesFiltering - Using platform encoding (Cp1252 actually) to copy filtered resources, i.e. build is platform dependent!
2023-08-12 02:42:55,095 [Worker-64: Launching FirstTest.addnewCustomerTest] INFO  o.a.m.s.f.DefaultMavenResourcesFiltering - Copying 0 resource
2023-08-12 02:42:55,097 [Worker-64: Launching FirstTest.addnewCustomerTest] WARN  o.a.m.s.f.DefaultMavenResourcesFiltering - Using platform encoding (Cp1252 actually) to copy filtered resources, i.e. build is platform dependent!
2023-08-12 02:42:55,099 [Worker-64: Launching FirstTest.addnewCustomerTest] INFO  o.a.m.s.f.DefaultMavenResourcesFiltering - Copying 0 resource
2023-08-12 02:43:21,845 [Worker-55: Building] WARN  o.a.m.s.f.DefaultMavenResourcesFiltering - Using platform encoding (Cp1252 actually) to copy filtered resources, i.e. build is platform dependent!
2023-08-12 02:43:21,850 [Worker-55: Building] INFO  o.a.m.s.f.DefaultMavenResourcesFiltering - Copying 0 resource
2023-08-12 02:43:21,852 [Worker-55: Building] WARN  o.a.m.s.f.DefaultMavenResourcesFiltering - Using platform encoding (Cp1252 actually) to copy filtered resources, i.e. build is platform dependent!
2023-08-12 02:43:21,854 [Worker-55: Building] INFO  o.a.m.s.f.DefaultMavenResourcesFiltering - Copying 0 resource
2023-08-12 02:43:55,198 [Worker-62: Building] WARN  o.a.m.s.f.DefaultMavenResourcesFiltering - Using platform encoding (Cp1252 actually) to copy filtered resources, i.e. build is platform dependent!
2023-08-12 02:43:55,200 [Worker-62: Building] INFO  o.a.m.s.f.DefaultMavenResourcesFiltering - Copying 0 resource
2023-08-12 02:43:55,203 [Worker-62: Building] WARN  o.a.m.s.f.DefaultMavenResourcesFiltering - Using platform encoding (Cp1252 actually) to copy filtered resources, i.e. build is platform dependent!
2023-08-12 02:43:55,204 [Worker-62: Building] INFO  o.a.m.s.f.DefaultMavenResourcesFiltering - Copying 0 resource
2023-08-12 02:44:29,331 [Worker-57: Building] WARN  o.a.m.s.f.DefaultMavenResourcesFiltering - Using platform encoding (Cp1252 actually) to copy filtered resources, i.e. build is platform dependent!
2023-08-12 02:44:29,333 [Worker-57: Building] INFO  o.a.m.s.f.DefaultMavenResourcesFiltering - Copying 0 resource
2023-08-12 02:44:29,337 [Worker-57: Building] WARN  o.a.m.s.f.DefaultMavenResourcesFiltering - Using platform encoding (Cp1252 actually) to copy filtered resources, i.e. build is platform dependent!
2023-08-12 02:44:29,338 [Worker-57: Building] INFO  o.a.m.s.f.DefaultMavenResourcesFiltering - Copying 0 resource
2023-08-12 02:47:06,830 [Worker-67: Building] WARN  o.a.m.s.f.DefaultMavenResourcesFiltering - Using platform encoding (Cp1252 actually) to copy filtered resources, i.e. build is platform dependent!
2023-08-12 02:47:06,830 [Worker-67: Building] INFO  o.a.m.s.f.DefaultMavenResourcesFiltering - Copying 0 resource
2023-08-12 02:47:06,832 [Worker-67: Building] WARN  o.a.m.s.f.DefaultMavenResourcesFiltering - Using platform encoding (Cp1252 actually) to copy filtered resources, i.e. build is platform dependent!
2023-08-12 02:47:06,833 [Worker-67: Building] INFO  o.a.m.s.f.DefaultMavenResourcesFiltering - Copying 0 resource
2023-08-12 02:47:55,813 [Worker-57: Building] WARN  o.a.m.s.f.DefaultMavenResourcesFiltering - Using platform encoding (Cp1252 actually) to copy filtered resources, i.e. build is platform dependent!
2023-08-12 02:47:55,814 [Worker-57: Building] INFO  o.a.m.s.f.DefaultMavenResourcesFiltering - Copying 0 resource
2023-08-12 02:47:55,816 [Worker-57: Building] WARN  o.a.m.s.f.DefaultMavenResourcesFiltering - Using platform encoding (Cp1252 actually) to copy filtered resources, i.e. build is platform dependent!
2023-08-12 02:47:55,816 [Worker-57: Building] INFO  o.a.m.s.f.DefaultMavenResourcesFiltering - Copying 0 resource
2023-08-12 02:48:31,314 [Worker-40: Building] WARN  o.a.m.s.f.DefaultMavenResourcesFiltering - Using platform encoding (Cp1252 actually) to copy filtered resources, i.e. build is platform dependent!
2023-08-12 02:48:31,314 [Worker-40: Building] INFO  o.a.m.s.f.DefaultMavenResourcesFiltering - Copying 0 resource
2023-08-12 02:48:31,316 [Worker-40: Building] WARN  o.a.m.s.f.DefaultMavenResourcesFiltering - Using platform encoding (Cp1252 actually) to copy filtered resources, i.e. build is platform dependent!
2023-08-12 02:48:31,317 [Worker-40: Building] INFO  o.a.m.s.f.DefaultMavenResourcesFiltering - Copying 0 resource
2023-08-12 02:51:47,905 [Worker-70: Building] WARN  o.a.m.s.f.DefaultMavenResourcesFiltering - Using platform encoding (Cp1252 actually) to copy filtered resources, i.e. build is platform dependent!
2023-08-12 02:51:47,906 [Worker-70: Building] INFO  o.a.m.s.f.DefaultMavenResourcesFiltering - Copying 0 resource
2023-08-12 02:51:47,908 [Worker-70: Building] WARN  o.a.m.s.f.DefaultMavenResourcesFiltering - Using platform encoding (Cp1252 actually) to copy filtered resources, i.e. build is platform dependent!
2023-08-12 02:51:47,910 [Worker-70: Building] INFO  o.a.m.s.f.DefaultMavenResourcesFiltering - Copying 0 resource
2023-08-12 02:53:53,738 [Worker-72: Launching FirstTest] WARN  o.a.m.s.f.DefaultMavenResourcesFiltering - Using platform encoding (Cp1252 actually) to copy filtered resources, i.e. build is platform dependent!
2023-08-12 02:53:53,739 [Worker-72: Launching FirstTest] INFO  o.a.m.s.f.DefaultMavenResourcesFiltering - Copying 0 resource
2023-08-12 02:53:53,742 [Worker-72: Launching FirstTest] WARN  o.a.m.s.f.DefaultMavenResourcesFiltering - Using platform encoding (Cp1252 actually) to copy filtered resources, i.e. build is platform dependent!
2023-08-12 02:53:53,744 [Worker-72: Launching FirstTest] INFO  o.a.m.s.f.DefaultMavenResourcesFiltering - Copying 0 resource
2023-08-12 03:00:49,150 [Worker-77: Building] WARN  o.a.m.s.f.DefaultMavenResourcesFiltering - Using platform encoding (Cp1252 actually) to copy filtered resources, i.e. build is platform dependent!
2023-08-12 03:00:49,152 [Worker-77: Building] INFO  o.a.m.s.f.DefaultMavenResourcesFiltering - Copying 0 resource
2023-08-12 03:00:49,154 [Worker-77: Building] WARN  o.a.m.s.f.DefaultMavenResourcesFiltering - Using platform encoding (Cp1252 actually) to copy filtered resources, i.e. build is platform dependent!
2023-08-12 03:00:49,155 [Worker-77: Building] INFO  o.a.m.s.f.DefaultMavenResourcesFiltering - Copying 0 resource
2023-08-12 03:03:23,394 [Worker-75: Launching FirstTest] WARN  o.a.m.s.f.DefaultMavenResourcesFiltering - Using platform encoding (Cp1252 actually) to copy filtered resources, i.e. build is platform dependent!
2023-08-12 03:03:23,395 [Worker-75: Launching FirstTest] INFO  o.a.m.s.f.DefaultMavenResourcesFiltering - Copying 0 resource
2023-08-12 03:03:23,397 [Worker-75: Launching FirstTest] WARN  o.a.m.s.f.DefaultMavenResourcesFiltering - Using platform encoding (Cp1252 actually) to copy filtered resources, i.e. build is platform dependent!
2023-08-12 03:03:23,399 [Worker-75: Launching FirstTest] INFO  o.a.m.s.f.DefaultMavenResourcesFiltering - Copying 0 resource
2023-08-12 03:05:47,973 [Worker-78: Launching FirstTest] WARN  o.a.m.s.f.DefaultMavenResourcesFiltering - Using platform encoding (Cp1252 actually) to copy filtered resources, i.e. build is platform dependent!
2023-08-12 03:05:47,975 [Worker-78: Launching FirstTest] INFO  o.a.m.s.f.DefaultMavenResourcesFiltering - Copying 0 resource
2023-08-12 03:05:47,978 [Worker-78: Launching FirstTest] WARN  o.a.m.s.f.DefaultMavenResourcesFiltering - Using platform encoding (Cp1252 actually) to copy filtered resources, i.e. build is platform dependent!
2023-08-12 03:05:47,980 [Worker-78: Launching FirstTest] INFO  o.a.m.s.f.DefaultMavenResourcesFiltering - Copying 0 resource
2023-08-12 03:06:43,468 [Worker-81: Building] WARN  o.a.m.s.f.DefaultMavenResourcesFiltering - Using platform encoding (Cp1252 actually) to copy filtered resources, i.e. build is platform dependent!
2023-08-12 03:06:43,469 [Worker-81: Building] INFO  o.a.m.s.f.DefaultMavenResourcesFiltering - Copying 0 resource
2023-08-12 03:06:43,471 [Worker-81: Building] WARN  o.a.m.s.f.DefaultMavenResourcesFiltering - Using platform encoding (Cp1252 actually) to copy filtered resources, i.e. build is platform dependent!
2023-08-12 03:06:43,473 [Worker-81: Building] INFO  o.a.m.s.f.DefaultMavenResourcesFiltering - Copying 0 resource
2023-08-12 03:07:40,192 [Worker-81: Building] WARN  o.a.m.s.f.DefaultMavenResourcesFiltering - Using platform encoding (Cp1252 actually) to copy filtered resources, i.e. build is platform dependent!
2023-08-12 03:07:40,194 [Worker-81: Building] INFO  o.a.m.s.f.DefaultMavenResourcesFiltering - Copying 0 resource
2023-08-12 03:07:40,197 [Worker-81: Building] WARN  o.a.m.s.f.DefaultMavenResourcesFiltering - Using platform encoding (Cp1252 actually) to copy filtered resources, i.e. build is platform dependent!
2023-08-12 03:07:40,197 [Worker-81: Building] INFO  o.a.m.s.f.DefaultMavenResourcesFiltering - Copying 0 resource
2023-08-12 08:42:16,443 [Worker-87: Building] WARN  o.a.m.s.f.DefaultMavenResourcesFiltering - Using platform encoding (Cp1252 actually) to copy filtered resources, i.e. build is platform dependent!
2023-08-12 08:42:16,445 [Worker-87: Building] INFO  o.a.m.s.f.DefaultMavenResourcesFiltering - Copying 0 resource
2023-08-12 08:42:16,449 [Worker-87: Building] WARN  o.a.m.s.f.DefaultMavenResourcesFiltering - Using platform encoding (Cp1252 actually) to copy filtered resources, i.e. build is platform dependent!
2023-08-12 08:42:16,451 [Worker-87: Building] INFO  o.a.m.s.f.DefaultMavenResourcesFiltering - Copying 0 resource
2023-08-12 09:04:21,469 [Worker-86: Launching FirstTest.loginWithInvalidUserName] WARN  o.a.m.s.f.DefaultMavenResourcesFiltering - Using platform encoding (Cp1252 actually) to copy filtered resources, i.e. build is platform dependent!
2023-08-12 09:04:21,470 [Worker-86: Launching FirstTest.loginWithInvalidUserName] INFO  o.a.m.s.f.DefaultMavenResourcesFiltering - Copying 0 resource
2023-08-12 09:04:21,473 [Worker-86: Launching FirstTest.loginWithInvalidUserName] WARN  o.a.m.s.f.DefaultMavenResourcesFiltering - Using platform encoding (Cp1252 actually) to copy filtered resources, i.e. build is platform dependent!
2023-08-12 09:04:21,475 [Worker-86: Launching FirstTest.loginWithInvalidUserName] INFO  o.a.m.s.f.DefaultMavenResourcesFiltering - Copying 0 resource
2023-08-12 09:05:39,002 [Worker-94: Launching FirstTest.loginWithInvalidUserName] WARN  o.a.m.s.f.DefaultMavenResourcesFiltering - Using platform encoding (Cp1252 actually) to copy filtered resources, i.e. build is platform dependent!
2023-08-12 09:05:39,004 [Worker-94: Launching FirstTest.loginWithInvalidUserName] INFO  o.a.m.s.f.DefaultMavenResourcesFiltering - Copying 0 resource
2023-08-12 09:05:39,008 [Worker-94: Launching FirstTest.loginWithInvalidUserName] WARN  o.a.m.s.f.DefaultMavenResourcesFiltering - Using platform encoding (Cp1252 actually) to copy filtered resources, i.e. build is platform dependent!
2023-08-12 09:05:39,010 [Worker-94: Launching FirstTest.loginWithInvalidUserName] INFO  o.a.m.s.f.DefaultMavenResourcesFiltering - Copying 0 resource
2023-08-12 10:49:23,589 [Worker-99: Launching FirstTest] WARN  o.a.m.s.f.DefaultMavenResourcesFiltering - Using platform encoding (Cp1252 actually) to copy filtered resources, i.e. build is platform dependent!
2023-08-12 10:49:23,593 [Worker-99: Launching FirstTest] INFO  o.a.m.s.f.DefaultMavenResourcesFiltering - Copying 0 resource
2023-08-12 10:49:23,596 [Worker-99: Launching FirstTest] WARN  o.a.m.s.f.DefaultMavenResourcesFiltering - Using platform encoding (Cp1252 actually) to copy filtered resources, i.e. build is platform dependent!
2023-08-12 10:49:23,597 [Worker-99: Launching FirstTest] INFO  o.a.m.s.f.DefaultMavenResourcesFiltering - Copying 0 resource
2023-08-19 11:37:47,504 [Worker-4: Loading available Gradle versions] INFO  o.e.b.c.i.u.g.PublishedGradleVersions - Gradle version information cache is out-of-date. Trying to update.
